This file contains any messages produced by compilers while
running configure, to aid debugging if configure makes a mistake.

It was created by sphinxbase configure 5prealpha, which was
generated by GNU Autoconf 2.69.  Invocation command line was

  $ ./configure 

## --------- ##
## Platform. ##
## --------- ##

hostname = ip-172-31-28-175
uname -m = x86_64
uname -r = 4.15.0-1029-aws
uname -s = Linux
uname -v = #30-Ubuntu SMP Wed Nov 21 23:58:13 UTC 2018

/usr/bin/uname -p = unknown
/bin/uname -X     = unknown

/bin/arch              = unknown
/usr/bin/arch -k       = unknown
/usr/convex/getsysinfo = unknown
/usr/bin/hostinfo      = unknown
/bin/machine           = unknown
/usr/bin/oslevel       = unknown
/bin/universe          = unknown

PATH: /usr/local/sbin
PATH: /usr/local/bin
PATH: /usr/sbin
PATH: /usr/bin
PATH: /sbin
PATH: /bin
PATH: /snap/bin


## ----------- ##
## Core tests. ##
## ----------- ##

configure:2554: checking for a BSD-compatible install
configure:2622: result: /usr/bin/install -c
configure:2633: checking whether build environment is sane
configure:2688: result: yes
configure:2839: checking for a thread-safe mkdir -p
configure:2878: result: /bin/mkdir -p
configure:2885: checking for gawk
configure:2901: found /usr/bin/gawk
configure:2912: result: gawk
configure:2923: checking whether make sets $(MAKE)
configure:2945: result: yes
configure:2974: checking whether make supports nested variables
configure:2991: result: yes
configure:3116: checking build system type
configure:3130: result: x86_64-pc-linux-gnu
configure:3150: checking host system type
configure:3163: result: x86_64-pc-linux-gnu
configure:3195: checking for style of include used by make
configure:3223: result: GNU
configure:3294: checking for gcc
configure:3310: found /usr/bin/gcc
configure:3321: result: gcc
configure:3550: checking for C compiler version
configure:3559: gcc --version >&5
gcc (Ubuntu 7.3.0-27ubuntu1~18.04) 7.3.0
Copyright (C) 2017 Free Software Foundation, Inc.
This is free software; see the source for copying conditions.  There is NO
warranty; not even for MERCHANTABILITY or FITNESS FOR A PARTICULAR PURPOSE.

configure:3570: $? = 0
configure:3559: gcc -v >&5
Using built-in specs.
COLLECT_GCC=gcc
COLLECT_LTO_WRAPPER=/usr/lib/gcc/x86_64-linux-gnu/7/lto-wrapper
OFFLOAD_TARGET_NAMES=nvptx-none
OFFLOAD_TARGET_DEFAULT=1
Target: x86_64-linux-gnu
Configured with: ../src/configure -v --with-pkgversion='Ubuntu 7.3.0-27ubuntu1~18.04' --with-bugurl=file:///usr/share/doc/gcc-7/README.Bugs --enable-languages=c,ada,c++,go,brig,d,fortran,objc,obj-c++ --prefix=/usr --with-gcc-major-version-only --program-suffix=-7 --program-prefix=x86_64-linux-gnu- --enable-shared --enable-linker-build-id --libexecdir=/usr/lib --without-included-gettext --enable-threads=posix --libdir=/usr/lib --enable-nls --with-sysroot=/ --enable-clocale=gnu --enable-libstdcxx-debug --enable-libstdcxx-time=yes --with-default-libstdcxx-abi=new --enable-gnu-unique-object --disable-vtable-verify --enable-libmpx --enable-plugin --enable-default-pie --with-system-zlib --with-target-system-zlib --enable-objc-gc=auto --enable-multiarch --disable-werror --with-arch-32=i686 --with-abi=m64 --with-multilib-list=m32,m64,mx32 --enable-multilib --with-tune=generic --enable-offload-targets=nvptx-none --without-cuda-driver --enable-checking=release --build=x86_64-linux-gnu --host=x86_64-linux-gnu --target=x86_64-linux-gnu
Thread model: posix
gcc version 7.3.0 (Ubuntu 7.3.0-27ubuntu1~18.04) 
configure:3570: $? = 0
configure:3559: gcc -V >&5
gcc: error: unrecognized command line option '-V'
gcc: fatal error: no input files
compilation terminated.
configure:3570: $? = 1
configure:3559: gcc -qversion >&5
gcc: error: unrecognized command line option '-qversion'; did you mean '--version'?
gcc: fatal error: no input files
compilation terminated.
configure:3570: $? = 1
configure:3590: checking whether the C compiler works
configure:3612: gcc -g -O2 -Wall   conftest.c  >&5
configure:3616: $? = 0
configure:3664: result: yes
configure:3667: checking for C compiler default output file name
configure:3669: result: a.out
configure:3675: checking for suffix of executables
configure:3682: gcc -o conftest -g -O2 -Wall   conftest.c  >&5
configure:3686: $? = 0
configure:3708: result: 
configure:3730: checking whether we are cross compiling
configure:3738: gcc -o conftest -g -O2 -Wall   conftest.c  >&5
configure:3742: $? = 0
configure:3749: ./conftest
configure:3753: $? = 0
configure:3768: result: no
configure:3773: checking for suffix of object files
configure:3795: gcc -c -g -O2 -Wall  conftest.c >&5
configure:3799: $? = 0
configure:3820: result: o
configure:3824: checking whether we are using the GNU C compiler
configure:3843: gcc -c -g -O2 -Wall  conftest.c >&5
configure:3843: $? = 0
configure:3852: result: yes
configure:3861: checking whether gcc accepts -g
configure:3881: gcc -c -g  conftest.c >&5
configure:3881: $? = 0
configure:3922: result: yes
configure:3939: checking for gcc option to accept ISO C89
configure:4002: gcc  -c -g -O2 -Wall  conftest.c >&5
configure:4002: $? = 0
configure:4015: result: none needed
configure:4040: checking whether gcc understands -c and -o together
configure:4062: gcc -c conftest.c -o conftest2.o
configure:4065: $? = 0
configure:4062: gcc -c conftest.c -o conftest2.o
configure:4065: $? = 0
configure:4077: result: yes
configure:4096: checking dependency style of gcc
configure:4207: result: gcc3
configure:4223: checking for library containing strerror
configure:4254: gcc -o conftest -g -O2 -Wall   conftest.c  >&5
configure:4254: $? = 0
configure:4271: result: none required
configure:4327: checking for gcc
configure:4354: result: gcc
configure:4583: checking for C compiler version
configure:4592: gcc --version >&5
gcc (Ubuntu 7.3.0-27ubuntu1~18.04) 7.3.0
Copyright (C) 2017 Free Software Foundation, Inc.
This is free software; see the source for copying conditions.  There is NO
warranty; not even for MERCHANTABILITY or FITNESS FOR A PARTICULAR PURPOSE.

configure:4603: $? = 0
configure:4592: gcc -v >&5
Using built-in specs.
COLLECT_GCC=gcc
COLLECT_LTO_WRAPPER=/usr/lib/gcc/x86_64-linux-gnu/7/lto-wrapper
OFFLOAD_TARGET_NAMES=nvptx-none
OFFLOAD_TARGET_DEFAULT=1
Target: x86_64-linux-gnu
Configured with: ../src/configure -v --with-pkgversion='Ubuntu 7.3.0-27ubuntu1~18.04' --with-bugurl=file:///usr/share/doc/gcc-7/README.Bugs --enable-languages=c,ada,c++,go,brig,d,fortran,objc,obj-c++ --prefix=/usr --with-gcc-major-version-only --program-suffix=-7 --program-prefix=x86_64-linux-gnu- --enable-shared --enable-linker-build-id --libexecdir=/usr/lib --without-included-gettext --enable-threads=posix --libdir=/usr/lib --enable-nls --with-sysroot=/ --enable-clocale=gnu --enable-libstdcxx-debug --enable-libstdcxx-time=yes --with-default-libstdcxx-abi=new --enable-gnu-unique-object --disable-vtable-verify --enable-libmpx --enable-plugin --enable-default-pie --with-system-zlib --with-target-system-zlib --enable-objc-gc=auto --enable-multiarch --disable-werror --with-arch-32=i686 --with-abi=m64 --with-multilib-list=m32,m64,mx32 --enable-multilib --with-tune=generic --enable-offload-targets=nvptx-none --without-cuda-driver --enable-checking=release --build=x86_64-linux-gnu --host=x86_64-linux-gnu --target=x86_64-linux-gnu
Thread model: posix
gcc version 7.3.0 (Ubuntu 7.3.0-27ubuntu1~18.04) 
configure:4603: $? = 0
configure:4592: gcc -V >&5
gcc: error: unrecognized command line option '-V'
gcc: fatal error: no input files
compilation terminated.
configure:4603: $? = 1
configure:4592: gcc -qversion >&5
gcc: error: unrecognized command line option '-qversion'; did you mean '--version'?
gcc: fatal error: no input files
compilation terminated.
configure:4603: $? = 1
configure:4607: checking whether we are using the GNU C compiler
configure:4635: result: yes
configure:4644: checking whether gcc accepts -g
configure:4705: result: yes
configure:4722: checking for gcc option to accept ISO C89
configure:4798: result: none needed
configure:4823: checking whether gcc understands -c and -o together
configure:4860: result: yes
configure:4879: checking dependency style of gcc
configure:4990: result: gcc3
configure:5009: checking for gcc option to accept ISO C99
configure:5158: gcc  -c -g -O2 -Wall  conftest.c >&5
conftest.c: In function 'test_varargs':
conftest.c:80:9: warning: variable 'fnumber' set but not used [-Wunused-but-set-variable]
   float fnumber;
         ^~~~~~~
conftest.c:79:7: warning: variable 'number' set but not used [-Wunused-but-set-variable]
   int number;
       ^~~~~~
conftest.c:78:15: warning: variable 'str' set but not used [-Wunused-but-set-variable]
   const char *str;
               ^~~
configure:5158: $? = 0
configure:5171: result: none needed
configure:5279: checking for gcc option to accept ISO Standard C
configure:5290: result: none needed
configure:5344: checking how to print strings
configure:5371: result: printf
configure:5392: checking for a sed that does not truncate output
configure:5456: result: /bin/sed
configure:5474: checking for grep that handles long lines and -e
configure:5532: result: /bin/grep
configure:5537: checking for egrep
configure:5599: result: /bin/grep -E
configure:5604: checking for fgrep
configure:5666: result: /bin/grep -F
configure:5701: checking for ld used by gcc
configure:5768: result: /usr/bin/ld
configure:5775: checking if the linker (/usr/bin/ld) is GNU ld
configure:5790: result: yes
configure:5802: checking for BSD- or MS-compatible name lister (nm)
configure:5856: result: /usr/bin/nm -B
configure:5986: checking the name lister (/usr/bin/nm -B) interface
configure:5993: gcc -c -g -O2 -Wall  conftest.c >&5
configure:5996: /usr/bin/nm -B "conftest.o"
configure:5999: output
0000000000000000 B some_variable
configure:6006: result: BSD nm
configure:6009: checking whether ln -s works
configure:6013: result: yes
configure:6021: checking the maximum length of command line arguments
configure:6152: result: 1572864
configure:6200: checking how to convert x86_64-pc-linux-gnu file names to x86_64-pc-linux-gnu format
configure:6240: result: func_convert_file_noop
configure:6247: checking how to convert x86_64-pc-linux-gnu file names to toolchain format
configure:6267: result: func_convert_file_noop
configure:6274: checking for /usr/bin/ld option to reload object files
configure:6281: result: -r
configure:6355: checking for objdump
configure:6371: found /usr/bin/objdump
configure:6382: result: objdump
configure:6414: checking how to recognize dependent libraries
configure:6614: result: pass_all
configure:6699: checking for dlltool
configure:6729: result: no
configure:6759: checking how to associate runtime and link libraries
configure:6786: result: printf %s\n
configure:6846: checking for ar
configure:6862: found /usr/bin/ar
configure:6873: result: ar
configure:6910: checking for archiver @FILE support
configure:6927: gcc -c -g -O2 -Wall  conftest.c >&5
configure:6927: $? = 0
configure:6930: ar cru libconftest.a @conftest.lst >&5
ar: `u' modifier ignored since `D' is the default (see `U')
configure:6933: $? = 0
configure:6938: ar cru libconftest.a @conftest.lst >&5
ar: `u' modifier ignored since `D' is the default (see `U')
ar: conftest.o: No such file or directory
configure:6941: $? = 1
configure:6953: result: @
configure:7011: checking for strip
configure:7027: found /usr/bin/strip
configure:7038: result: strip
configure:7110: checking for ranlib
configure:7126: found /usr/bin/ranlib
configure:7137: result: ranlib
configure:7239: checking command to parse /usr/bin/nm -B output from gcc object
configure:7392: gcc -c -g -O2 -Wall  conftest.c >&5
configure:7395: $? = 0
configure:7399: /usr/bin/nm -B conftest.o \| sed -n -e 's/^.*[ ]\([ABCDGIRSTW][ABCDGIRSTW]*\)[ ][ ]*\([_A-Za-z][_A-Za-z0-9]*\)$/\1 \2 \2/p' | sed '/ __gnu_lto/d' \> conftest.nm
configure:7402: $? = 0
configure:7468: gcc -o conftest -g -O2 -Wall   conftest.c conftstm.o >&5
configure:7471: $? = 0
configure:7509: result: ok
configure:7556: checking for sysroot
configure:7586: result: no
configure:7593: checking for a working dd
configure:7631: result: /bin/dd
configure:7635: checking how to truncate binary pipes
configure:7650: result: /bin/dd bs=4096 count=1
configure:7786: gcc -c -g -O2 -Wall  conftest.c >&5
configure:7789: $? = 0
configure:7979: checking for mt
configure:7995: found /bin/mt
configure:8006: result: mt
configure:8029: checking if mt is a manifest tool
configure:8035: mt '-?'
configure:8043: result: no
configure:8720: checking how to run the C preprocessor
configure:8751: gcc -E  conftest.c
configure:8751: $? = 0
configure:8765: gcc -E  conftest.c
conftest.c:9:10: fatal error: ac_nonexistent.h: No such file or directory
 #include <ac_nonexistent.h>
          ^~~~~~~~~~~~~~~~~~
compilation terminated.
configure:8765: $? = 1
configure: failed program was:
| /* confdefs.h */
| #define PACKAGE_NAME "sphinxbase"
| #define PACKAGE_TARNAME "sphinxbase"
| #define PACKAGE_VERSION "5prealpha"
| #define PACKAGE_STRING "sphinxbase 5prealpha"
| #define PACKAGE_BUGREPORT ""
| #define PACKAGE_URL ""
| /* end confdefs.h.  */
| #include <ac_nonexistent.h>
configure:8790: result: gcc -E
configure:8810: gcc -E  conftest.c
configure:8810: $? = 0
configure:8824: gcc -E  conftest.c
conftest.c:9:10: fatal error: ac_nonexistent.h: No such file or directory
 #include <ac_nonexistent.h>
          ^~~~~~~~~~~~~~~~~~
compilation terminated.
configure:8824: $? = 1
configure: failed program was:
| /* confdefs.h */
| #define PACKAGE_NAME "sphinxbase"
| #define PACKAGE_TARNAME "sphinxbase"
| #define PACKAGE_VERSION "5prealpha"
| #define PACKAGE_STRING "sphinxbase 5prealpha"
| #define PACKAGE_BUGREPORT ""
| #define PACKAGE_URL ""
| /* end confdefs.h.  */
| #include <ac_nonexistent.h>
configure:8853: checking for ANSI C header files
configure:8873: gcc -c -g -O2 -Wall  conftest.c >&5
configure:8873: $? = 0
configure:8946: gcc -o conftest -g -O2 -Wall   conftest.c  >&5
configure:8946: $? = 0
configure:8946: ./conftest
configure:8946: $? = 0
configure:8957: result: yes
configure:8970: checking for sys/types.h
configure:8970: gcc -c -g -O2 -Wall  conftest.c >&5
configure:8970: $? = 0
configure:8970: result: yes
configure:8970: checking for sys/stat.h
configure:8970: gcc -c -g -O2 -Wall  conftest.c >&5
configure:8970: $? = 0
configure:8970: result: yes
configure:8970: checking for stdlib.h
configure:8970: gcc -c -g -O2 -Wall  conftest.c >&5
configure:8970: $? = 0
configure:8970: result: yes
configure:8970: checking for string.h
configure:8970: gcc -c -g -O2 -Wall  conftest.c >&5
configure:8970: $? = 0
configure:8970: result: yes
configure:8970: checking for memory.h
configure:8970: gcc -c -g -O2 -Wall  conftest.c >&5
configure:8970: $? = 0
configure:8970: result: yes
configure:8970: checking for strings.h
configure:8970: gcc -c -g -O2 -Wall  conftest.c >&5
configure:8970: $? = 0
configure:8970: result: yes
configure:8970: checking for inttypes.h
configure:8970: gcc -c -g -O2 -Wall  conftest.c >&5
configure:8970: $? = 0
configure:8970: result: yes
configure:8970: checking for stdint.h
configure:8970: gcc -c -g -O2 -Wall  conftest.c >&5
configure:8970: $? = 0
configure:8970: result: yes
configure:8970: checking for unistd.h
configure:8970: gcc -c -g -O2 -Wall  conftest.c >&5
configure:8970: $? = 0
configure:8970: result: yes
configure:8984: checking for dlfcn.h
configure:8984: gcc -c -g -O2 -Wall  conftest.c >&5
configure:8984: $? = 0
configure:8984: result: yes
configure:9240: checking for objdir
configure:9255: result: .libs
configure:9519: checking if gcc supports -fno-rtti -fno-exceptions
configure:9537: gcc -c -g -O2 -Wall  -fno-rtti -fno-exceptions conftest.c >&5
cc1: warning: command line option '-fno-rtti' is valid for C++/ObjC++ but not for C
configure:9541: $? = 0
configure:9554: result: no
configure:9912: checking for gcc option to produce PIC
configure:9919: result: -fPIC -DPIC
configure:9927: checking if gcc PIC flag -fPIC -DPIC works
configure:9945: gcc -c -g -O2 -Wall  -fPIC -DPIC -DPIC conftest.c >&5
configure:9949: $? = 0
configure:9962: result: yes
configure:9991: checking if gcc static flag -static works
configure:10019: result: yes
configure:10034: checking if gcc supports -c -o file.o
configure:10055: gcc -c -g -O2 -Wall  -o out/conftest2.o conftest.c >&5
configure:10059: $? = 0
configure:10081: result: yes
configure:10089: checking if gcc supports -c -o file.o
configure:10136: result: yes
configure:10169: checking whether the gcc linker (/usr/bin/ld -m elf_x86_64) supports shared libraries
configure:11432: result: yes
configure:11469: checking whether -lc should be explicitly linked in
configure:11477: gcc -c -g -O2 -Wall  conftest.c >&5
configure:11480: $? = 0
configure:11495: gcc -shared  -fPIC -DPIC conftest.o  -v -Wl,-soname -Wl,conftest -o conftest 2\>\&1 \| /bin/grep  -lc  \>/dev/null 2\>\&1
configure:11498: $? = 0
configure:11512: result: no
configure:11672: checking dynamic linker characteristics
configure:12253: gcc -o conftest -g -O2 -Wall   -Wl,-rpath -Wl,/foo conftest.c  >&5
configure:12253: $? = 0
configure:12502: result: GNU/Linux ld.so
configure:12624: checking how to hardcode library paths into programs
configure:12649: result: immediate
configure:13197: checking whether stripping libraries is possible
configure:13202: result: yes
configure:13237: checking if libtool supports shared libraries
configure:13239: result: yes
configure:13242: checking whether to build shared libraries
configure:13267: result: yes
configure:13270: checking whether to build static libraries
configure:13274: result: yes
configure:13316: checking for bison
configure:13332: found /usr/bin/bison
configure:13344: result: bison -y
configure:13358: checking for ANSI C header files
configure:13462: result: yes
configure:13470: checking whether byte ordering is bigendian
configure:13485: gcc -c -g -O2 -Wall  conftest.c >&5
conftest.c:23:9: error: unknown type name 'not'
         not a universal capable compiler
         ^~~
conftest.c:23:15: error: expected '=', ',', ';', 'asm' or '__attribute__' before 'universal'
         not a universal capable compiler
               ^~~~~~~~~
conftest.c:23:15: error: unknown type name 'universal'
configure:13485: $? = 1
configure: failed program was:
| /* confdefs.h */
| #define PACKAGE_NAME "sphinxbase"
| #define PACKAGE_TARNAME "sphinxbase"
| #define PACKAGE_VERSION "5prealpha"
| #define PACKAGE_STRING "sphinxbase 5prealpha"
| #define PACKAGE_BUGREPORT ""
| #define PACKAGE_URL ""
| #define STDC_HEADERS 1
| #define HAVE_SYS_TYPES_H 1
| #define HAVE_SYS_STAT_H 1
| #define HAVE_STDLIB_H 1
| #define HAVE_STRING_H 1
| #define HAVE_MEMORY_H 1
| #define HAVE_STRINGS_H 1
| #define HAVE_INTTYPES_H 1
| #define HAVE_STDINT_H 1
| #define HAVE_UNISTD_H 1
| #define HAVE_DLFCN_H 1
| #define LT_OBJDIR ".libs/"
| #define STDC_HEADERS 1
| /* end confdefs.h.  */
| #ifndef __APPLE_CC__
| 	       not a universal capable compiler
| 	     #endif
| 	     typedef int dummy;
| 
configure:13530: gcc -c -g -O2 -Wall  conftest.c >&5
configure:13530: $? = 0
configure:13548: gcc -c -g -O2 -Wall  conftest.c >&5
conftest.c: In function 'main':
conftest.c:29:4: error: unknown type name 'not'; did you mean 'ino_t'?
    not big endian
    ^~~
    ino_t
conftest.c:29:12: error: expected '=', ',', ';', 'asm' or '__attribute__' before 'endian'
    not big endian
            ^~~~~~
configure:13548: $? = 1
configure: failed program was:
| /* confdefs.h */
| #define PACKAGE_NAME "sphinxbase"
| #define PACKAGE_TARNAME "sphinxbase"
| #define PACKAGE_VERSION "5prealpha"
| #define PACKAGE_STRING "sphinxbase 5prealpha"
| #define PACKAGE_BUGREPORT ""
| #define PACKAGE_URL ""
| #define STDC_HEADERS 1
| #define HAVE_SYS_TYPES_H 1
| #define HAVE_SYS_STAT_H 1
| #define HAVE_STDLIB_H 1
| #define HAVE_STRING_H 1
| #define HAVE_MEMORY_H 1
| #define HAVE_STRINGS_H 1
| #define HAVE_INTTYPES_H 1
| #define HAVE_STDINT_H 1
| #define HAVE_UNISTD_H 1
| #define HAVE_DLFCN_H 1
| #define LT_OBJDIR ".libs/"
| #define STDC_HEADERS 1
| /* end confdefs.h.  */
| #include <sys/types.h>
| 		#include <sys/param.h>
| 
| int
| main ()
| {
| #if BYTE_ORDER != BIG_ENDIAN
| 		 not big endian
| 		#endif
| 
|   ;
|   return 0;
| }
configure:13676: result: no
configure:13694: checking return type of signal handlers
configure:13712: gcc -c -g -O2 -Wall  conftest.c >&5
conftest.c: In function 'main':
conftest.c:28:10: error: void value not ignored as it ought to be
 return *(signal (0, 0)) (0) == 1;
         ~^~~~~~~~~~~~~~~~~~
configure:13712: $? = 1
configure: failed program was:
| /* confdefs.h */
| #define PACKAGE_NAME "sphinxbase"
| #define PACKAGE_TARNAME "sphinxbase"
| #define PACKAGE_VERSION "5prealpha"
| #define PACKAGE_STRING "sphinxbase 5prealpha"
| #define PACKAGE_BUGREPORT ""
| #define PACKAGE_URL ""
| #define STDC_HEADERS 1
| #define HAVE_SYS_TYPES_H 1
| #define HAVE_SYS_STAT_H 1
| #define HAVE_STDLIB_H 1
| #define HAVE_STRING_H 1
| #define HAVE_MEMORY_H 1
| #define HAVE_STRINGS_H 1
| #define HAVE_INTTYPES_H 1
| #define HAVE_STDINT_H 1
| #define HAVE_UNISTD_H 1
| #define HAVE_DLFCN_H 1
| #define LT_OBJDIR ".libs/"
| #define STDC_HEADERS 1
| /* end confdefs.h.  */
| #include <sys/types.h>
| #include <signal.h>
| 
| int
| main ()
| {
| return *(signal (0, 0)) (0) == 1;
|   ;
|   return 0;
| }
configure:13719: result: void
configure:13727: checking for long long
configure:13727: gcc -c -g -O2 -Wall  conftest.c >&5
configure:13727: $? = 0
configure:13727: gcc -c -g -O2 -Wall  conftest.c >&5
conftest.c: In function 'main':
conftest.c:59:24: error: expected expression before ')' token
 if (sizeof ((long long)))
                        ^
configure:13727: $? = 1
configure: failed program was:
| /* confdefs.h */
| #define PACKAGE_NAME "sphinxbase"
| #define PACKAGE_TARNAME "sphinxbase"
| #define PACKAGE_VERSION "5prealpha"
| #define PACKAGE_STRING "sphinxbase 5prealpha"
| #define PACKAGE_BUGREPORT ""
| #define PACKAGE_URL ""
| #define STDC_HEADERS 1
| #define HAVE_SYS_TYPES_H 1
| #define HAVE_SYS_STAT_H 1
| #define HAVE_STDLIB_H 1
| #define HAVE_STRING_H 1
| #define HAVE_MEMORY_H 1
| #define HAVE_STRINGS_H 1
| #define HAVE_INTTYPES_H 1
| #define HAVE_STDINT_H 1
| #define HAVE_UNISTD_H 1
| #define HAVE_DLFCN_H 1
| #define LT_OBJDIR ".libs/"
| #define STDC_HEADERS 1
| #define RETSIGTYPE void
| /* end confdefs.h.  */
| #include <stdio.h>
| #ifdef HAVE_SYS_TYPES_H
| # include <sys/types.h>
| #endif
| #ifdef HAVE_SYS_STAT_H
| # include <sys/stat.h>
| #endif
| #ifdef STDC_HEADERS
| # include <stdlib.h>
| # include <stddef.h>
| #else
| # ifdef HAVE_STDLIB_H
| #  include <stdlib.h>
| # endif
| #endif
| #ifdef HAVE_STRING_H
| # if !defined STDC_HEADERS && defined HAVE_MEMORY_H
| #  include <memory.h>
| # endif
| # include <string.h>
| #endif
| #ifdef HAVE_STRINGS_H
| # include <strings.h>
| #endif
| #ifdef HAVE_INTTYPES_H
| # include <inttypes.h>
| #endif
| #ifdef HAVE_STDINT_H
| # include <stdint.h>
| #endif
| #ifdef HAVE_UNISTD_H
| # include <unistd.h>
| #endif
| int
| main ()
| {
| if (sizeof ((long long)))
| 	    return 0;
|   ;
|   return 0;
| }
configure:13727: result: yes
configure:13741: checking size of long long
configure:13746: gcc -o conftest -g -O2 -Wall   conftest.c  >&5
configure:13746: $? = 0
configure:13746: ./conftest
configure:13746: $? = 0
configure:13760: result: 8
configure:13774: checking size of long
configure:13779: gcc -o conftest -g -O2 -Wall   conftest.c  >&5
configure:13779: $? = 0
configure:13779: ./conftest
configure:13779: $? = 0
configure:13793: result: 8
configure:13806: checking for popen
configure:13806: gcc -o conftest -g -O2 -Wall   conftest.c  >&5
configure:13806: $? = 0
configure:13806: result: yes
configure:13806: checking for perror
configure:13806: gcc -o conftest -g -O2 -Wall   conftest.c  >&5
configure:13806: $? = 0
configure:13806: result: yes
configure:13806: checking for snprintf
configure:13806: gcc -o conftest -g -O2 -Wall   conftest.c  >&5
conftest.c:51:6: warning: conflicting types for built-in function 'snprintf' [-Wbuiltin-declaration-mismatch]
 char snprintf ();
      ^~~~~~~~
configure:13806: $? = 0
configure:13806: result: yes
configure:13815: checking errno.h usability
configure:13815: gcc -c -g -O2 -Wall  conftest.c >&5
configure:13815: $? = 0
configure:13815: result: yes
configure:13815: checking errno.h presence
configure:13815: gcc -E  conftest.c
configure:13815: $? = 0
configure:13815: result: yes
configure:13815: checking for errno.h
configure:13815: result: yes
configure:13835: checking for sgesv_ in -llapack
configure:13860: gcc -o conftest -g -O2 -Wall   conftest.c -llapack   >&5
/usr/bin/ld: cannot find -llapack
collect2: error: ld returned 1 exit status
configure:13860: $? = 1
configure: failed program was:
| /* confdefs.h */
| #define PACKAGE_NAME "sphinxbase"
| #define PACKAGE_TARNAME "sphinxbase"
| #define PACKAGE_VERSION "5prealpha"
| #define PACKAGE_STRING "sphinxbase 5prealpha"
| #define PACKAGE_BUGREPORT ""
| #define PACKAGE_URL ""
| #define STDC_HEADERS 1
| #define HAVE_SYS_TYPES_H 1
| #define HAVE_SYS_STAT_H 1
| #define HAVE_STDLIB_H 1
| #define HAVE_STRING_H 1
| #define HAVE_MEMORY_H 1
| #define HAVE_STRINGS_H 1
| #define HAVE_INTTYPES_H 1
| #define HAVE_STDINT_H 1
| #define HAVE_UNISTD_H 1
| #define HAVE_DLFCN_H 1
| #define LT_OBJDIR ".libs/"
| #define STDC_HEADERS 1
| #define RETSIGTYPE void
| #define HAVE_LONG_LONG 1
| #define SIZEOF_LONG_LONG 8
| #define SIZEOF_LONG 8
| #define HAVE_POPEN 1
| #define HAVE_PERROR 1
| #define HAVE_SNPRINTF 1
| /* end confdefs.h.  */
| 
| /* Override any GCC internal prototype to avoid an error.
|    Use char because int might match the return type of a GCC
|    builtin and then its argument prototype would still apply.  */
| #ifdef __cplusplus
| extern "C"
| #endif
| char sgesv_ ();
| int
| main ()
| {
| return sgesv_ ();
|   ;
|   return 0;
| }
configure:13869: result: no
configure:13952: checking for log in -lm
configure:13977: gcc -o conftest -g -O2 -Wall   conftest.c -lm   >&5
conftest.c:37:6: warning: conflicting types for built-in function 'log' [-Wbuiltin-declaration-mismatch]
 char log ();
      ^~~
configure:13977: $? = 0
configure:13986: result: yes
configure:14017: checking pthread.h usability
configure:14017: gcc -c -g -O2 -Wall  conftest.c >&5
configure:14017: $? = 0
configure:14017: result: yes
configure:14017: checking pthread.h presence
configure:14017: gcc -E  conftest.c
configure:14017: $? = 0
configure:14017: result: yes
configure:14017: checking for pthread.h
configure:14017: result: yes
configure:14027: checking for pthread_create in -lpthread
configure:14052: gcc -o conftest -g -O2 -Wall   conftest.c -lpthread  -lm  >&5
configure:14052: $? = 0
configure:14061: result: yes
configure:14126: checking pulse/pulseaudio.h usability
configure:14126: gcc -c -g -O2 -Wall  conftest.c >&5
configure:14126: $? = 0
configure:14126: result: yes
configure:14126: checking pulse/pulseaudio.h presence
configure:14126: gcc -E  conftest.c
configure:14126: $? = 0
configure:14126: result: yes
configure:14126: checking for pulse/pulseaudio.h
configure:14126: result: yes
configure:14130: checking for pa_simple_new in -lpulse-simple
configure:14155: gcc -o conftest -g -O2 -Wall   conftest.c -lpulse-simple  -lpthread -lm  >&5
configure:14155: $? = 0
configure:14164: result: yes
configure:14175: checking for pa_strerror in -lpulse
configure:14200: gcc -o conftest -g -O2 -Wall   conftest.c -lpulse  -lpulse-simple -lpthread -lm  >&5
configure:14200: $? = 0
configure:14209: result: yes
configure:14325: checking for doxygen
configure:14353: result: no
configure:14414: checking for a Python interpreter with version >= 2.6
configure:14431: python -c import sys # split strings by '.' and convert to numeric. Append some zeros # because we need at least 4 digits for the hex conversion. # map returns an iterator in Python 3.0 and a list in 2.x minver = list(map(int, '2.6'.split('.'))) + [0, 0, 0] minverhex = 0 # xrange is not present in Python 3.0 and range returns an iterator for i in list(range(0, 4)): minverhex = (minverhex << 8) + minver[i] sys.exit(sys.hexversion < minverhex)
configure:14434: $? = 0
configure:14440: result: python
configure:14448: checking for python
configure:14466: found /usr/bin/python
configure:14478: result: /usr/bin/python
configure:14496: checking for python version
configure:14503: result: 2.7
configure:14515: checking for python platform
configure:14522: result: linux2
configure:14548: checking for python script directory
configure:14583: result: ${prefix}/lib/python2.7/dist-packages
configure:14592: checking for python extension module directory
configure:14627: result: ${exec_prefix}/lib/python2.7/dist-packages
configure:14648: checking for python2.7
configure:14678: result: /usr/bin/python
configure:14694: checking for a version of Python >= '2.1.0'
configure:14720: result: yes
configure:14751: checking for the distutils Python package
configure:14755: result: yes
configure:14769: checking for Python include path
configure:14785: result: -I/usr/include/python2.7
configure:14792: checking for Python library path
configure:14869: result: -L/usr/lib -lpython2.7
configure:14876: checking for Python site-packages path
configure:14882: result: /usr/lib/python2.7/dist-packages
configure:14889: checking python extra libraries
configure:14896: result: -lpthread -ldl  -lutil -lm
configure:14903: checking python extra linking flags
configure:14910: result: -Xlinker -export-dynamic -Wl,-O1 -Wl,-Bsymbolic-functions
configure:14917: checking consistency of all components of python development environment
configure:14943: gcc -o conftest -g -O2 -Wall  -I/usr/include/python2.7  conftest.c -lpulse -lpulse-simple -lpthread -lm  -L/usr/lib -lpython2.7 -Xlinker -export-dynamic -Wl,-O1 -Wl,-Bsymbolic-functions -lpthread -ldl  -lutil -lm >&5
configure:14943: $? = 0
configure:14960: result: yes
configure:14991: checking for swig
configure:15009: found /usr/bin/swig
configure:15021: result: /usr/bin/swig
configure:15035: checking SWIG version
configure:15038: result: 3.0.12
configure:15087: checking for SWIG library
configure:15090: result: /usr/share/swig3.0
configure:15227: checking that generated files are newer than configure
configure:15233: result: done
configure:15285: creating ./config.status

## ---------------------- ##
## Running config.status. ##
## ---------------------- ##

This file was extended by sphinxbase config.status 5prealpha, which was
generated by GNU Autoconf 2.69.  Invocation command line was

  CONFIG_FILES    = 
  CONFIG_HEADERS  = 
  CONFIG_LINKS    = 
  CONFIG_COMMANDS = 
  $ ./config.status 

on ip-172-31-28-175

config.status:1171: creating sphinxbase.pc
config.status:1171: creating Makefile
config.status:1171: creating include/Makefile
config.status:1171: creating include/sphinxbase/Makefile
config.status:1171: creating src/Makefile
config.status:1171: creating src/libsphinxad/Makefile
config.status:1171: creating src/libsphinxbase/Makefile
config.status:1171: creating src/libsphinxbase/util/Makefile
config.status:1171: creating src/libsphinxbase/feat/Makefile
config.status:1171: creating src/libsphinxbase/fe/Makefile
config.status:1171: creating src/libsphinxbase/lm/Makefile
config.status:1171: creating src/sphinx_fe/Makefile
config.status:1171: creating src/sphinx_cepview/Makefile
config.status:1171: creating src/sphinx_jsgf2fsg/Makefile
config.status:1171: creating src/sphinx_adtools/Makefile
config.status:1171: creating src/sphinx_lmtools/Makefile
config.status:1171: creating doc/Makefile
config.status:1171: creating doc/doxyfile
config.status:1171: creating test/Makefile
config.status:1171: creating test/unit/testfuncs.sh
config.status:1171: creating test/unit/Makefile
config.status:1171: creating test/unit/test_alloc/Makefile
config.status:1171: creating test/unit/test_bitvec/Makefile
config.status:1171: creating test/unit/test_case/Makefile
config.status:1171: creating test/unit/test_string/Makefile
config.status:1171: creating test/unit/test_cmdln/Makefile
config.status:1171: creating test/unit/test_hash/Makefile
config.status:1171: creating test/unit/test_matrix/Makefile
config.status:1171: creating test/unit/test_feat/Makefile
config.status:1171: creating test/unit/test_fe/Makefile
config.status:1171: creating test/unit/test_logmath/Makefile
config.status:1171: creating test/unit/test_lineiter/Makefile
config.status:1171: creating test/unit/test_ngram/Makefile
config.status:1171: creating test/unit/test_fsg/Makefile
config.status:1171: creating test/unit/test_thread/Makefile
config.status:1171: creating test/unit/test_util/Makefile
config.status:1171: creating test/regression/testfuncs.sh
config.status:1171: creating test/regression/Makefile
config.status:1171: creating swig/Makefile
config.status:1171: creating swig/python/Makefile
config.status:1171: creating include/config.h
config.status:1171: creating include/sphinx_config.h
config.status:1400: executing depfiles commands
config.status:1400: executing libtool commands

## ---------------- ##
## Cache variables. ##
## ---------------- ##

ac_cv_build=x86_64-pc-linux-gnu
ac_cv_c_bigendian=no
ac_cv_c_compiler_gnu=yes
ac_cv_env_CC_set=
ac_cv_env_CC_value=
ac_cv_env_CFLAGS_set=
ac_cv_env_CFLAGS_value=
ac_cv_env_CPPFLAGS_set=
ac_cv_env_CPPFLAGS_value=
ac_cv_env_CPP_set=
ac_cv_env_CPP_value=
ac_cv_env_LDFLAGS_set=
ac_cv_env_LDFLAGS_value=
ac_cv_env_LIBS_set=
ac_cv_env_LIBS_value=
ac_cv_env_LT_SYS_LIBRARY_PATH_set=
ac_cv_env_LT_SYS_LIBRARY_PATH_value=
ac_cv_env_PYTHON_VERSION_set=
ac_cv_env_PYTHON_VERSION_value=
ac_cv_env_PYTHON_set=
ac_cv_env_PYTHON_value=
ac_cv_env_YACC_set=
ac_cv_env_YACC_value=
ac_cv_env_build_alias_set=
ac_cv_env_build_alias_value=
ac_cv_env_host_alias_set=
ac_cv_env_host_alias_value=
ac_cv_env_target_alias_set=
ac_cv_env_target_alias_value=
ac_cv_func_perror=yes
ac_cv_func_popen=yes
ac_cv_func_snprintf=yes
ac_cv_header_dlfcn_h=yes
ac_cv_header_errno_h=yes
ac_cv_header_inttypes_h=yes
ac_cv_header_memory_h=yes
ac_cv_header_pthread_h=yes
ac_cv_header_pulse_pulseaudio_h=yes
ac_cv_header_stdc=yes
ac_cv_header_stdint_h=yes
ac_cv_header_stdlib_h=yes
ac_cv_header_string_h=yes
ac_cv_header_strings_h=yes
ac_cv_header_sys_stat_h=yes
ac_cv_header_sys_types_h=yes
ac_cv_header_unistd_h=yes
ac_cv_host=x86_64-pc-linux-gnu
ac_cv_lib_lapack_sgesv_=no
ac_cv_lib_m_log=yes
ac_cv_lib_pthread_pthread_create=yes
ac_cv_lib_pulse_pa_strerror=yes
ac_cv_lib_pulse_simple_pa_simple_new=yes
ac_cv_objext=o
ac_cv_path_EGREP='/bin/grep -E'
ac_cv_path_FGREP='/bin/grep -F'
ac_cv_path_GREP=/bin/grep
ac_cv_path_PYTHON=/usr/bin/python
ac_cv_path_SED=/bin/sed
ac_cv_path_SWIG=/usr/bin/swig
ac_cv_path_install='/usr/bin/install -c'
ac_cv_path_lt_DD=/bin/dd
ac_cv_path_mkdir=/bin/mkdir
ac_cv_prog_AWK=gawk
ac_cv_prog_CPP='gcc -E'
ac_cv_prog_HAVE_DOXYGEN=no
ac_cv_prog_YACC='bison -y'
ac_cv_prog_ac_ct_AR=ar
ac_cv_prog_ac_ct_CC=gcc
ac_cv_prog_ac_ct_MANIFEST_TOOL=mt
ac_cv_prog_ac_ct_OBJDUMP=objdump
ac_cv_prog_ac_ct_RANLIB=ranlib
ac_cv_prog_ac_ct_STRIP=strip
ac_cv_prog_cc_c89=
ac_cv_prog_cc_c99=
ac_cv_prog_cc_g=yes
ac_cv_prog_cc_stdc=
ac_cv_prog_make_make_set=yes
ac_cv_search_strerror='none required'
ac_cv_sizeof_long=8
ac_cv_sizeof_long_long=8
ac_cv_type_long_long=yes
ac_cv_type_signal=void
am_cv_CC_dependencies_compiler_type=gcc3
am_cv_make_support_nested_variables=yes
am_cv_pathless_PYTHON=python
am_cv_prog_cc_c_o=yes
am_cv_python_platform=linux2
am_cv_python_pyexecdir='${exec_prefix}/lib/python2.7/dist-packages'
am_cv_python_pythondir='${prefix}/lib/python2.7/dist-packages'
am_cv_python_version=2.7
lt_cv_ar_at_file=@
lt_cv_archive_cmds_need_lc=no
lt_cv_deplibs_check_method=pass_all
lt_cv_file_magic_cmd='$MAGIC_CMD'
lt_cv_file_magic_test_file=
lt_cv_ld_reload_flag=-r
lt_cv_nm_interface='BSD nm'
lt_cv_objdir=.libs
lt_cv_path_LD=/usr/bin/ld
lt_cv_path_NM='/usr/bin/nm -B'
lt_cv_path_mainfest_tool=no
lt_cv_prog_compiler_c_o=yes
lt_cv_prog_compiler_pic='-fPIC -DPIC'
lt_cv_prog_compiler_pic_works=yes
lt_cv_prog_compiler_rtti_exceptions=no
lt_cv_prog_compiler_static_works=yes
lt_cv_prog_gnu_ld=yes
lt_cv_sharedlib_from_linklib_cmd='printf %s\n'
lt_cv_shlibpath_overrides_runpath=yes
lt_cv_sys_global_symbol_pipe='sed -n -e '\''s/^.*[	 ]\([ABCDGIRSTW][ABCDGIRSTW]*\)[	 ][	 ]*\([_A-Za-z][_A-Za-z0-9]*\)$/\1 \2 \2/p'\'' | sed '\''/ __gnu_lto/d'\'''
lt_cv_sys_global_symbol_to_c_name_address='sed -n -e '\''s/^: \(.*\) .*$/  {"\1", (void *) 0},/p'\'' -e '\''s/^[ABCDGIRSTW][ABCDGIRSTW]* .* \(.*\)$/  {"\1", (void *) \&\1},/p'\'''
lt_cv_sys_global_symbol_to_c_name_address_lib_prefix='sed -n -e '\''s/^: \(.*\) .*$/  {"\1", (void *) 0},/p'\'' -e '\''s/^[ABCDGIRSTW][ABCDGIRSTW]* .* \(lib.*\)$/  {"\1", (void *) \&\1},/p'\'' -e '\''s/^[ABCDGIRSTW][ABCDGIRSTW]* .* \(.*\)$/  {"lib\1", (void *) \&\1},/p'\'''
lt_cv_sys_global_symbol_to_cdecl='sed -n -e '\''s/^T .* \(.*\)$/extern int \1();/p'\'' -e '\''s/^[ABCDGIRSTW][ABCDGIRSTW]* .* \(.*\)$/extern char \1;/p'\'''
lt_cv_sys_global_symbol_to_import=
lt_cv_sys_max_cmd_len=1572864
lt_cv_to_host_file_cmd=func_convert_file_noop
lt_cv_to_tool_file_cmd=func_convert_file_noop
lt_cv_truncate_bin='/bin/dd bs=4096 count=1'

## ----------------- ##
## Output variables. ##
## ----------------- ##

ACLOCAL='${SHELL} /home/ubuntu/speech/sphinx-source/sphinxbase/missing aclocal-1.15'
AMDEPBACKSLASH='\'
AMDEP_FALSE='#'
AMDEP_TRUE=''
AMTAR='$${TAR-tar}'
AM_BACKSLASH='\'
AM_DEFAULT_V='$(AM_DEFAULT_VERBOSITY)'
AM_DEFAULT_VERBOSITY='1'
AM_V='$(V)'
AR='ar'
AUTOCONF='${SHELL} /home/ubuntu/speech/sphinx-source/sphinxbase/missing autoconf'
AUTOHEADER='${SHELL} /home/ubuntu/speech/sphinx-source/sphinxbase/missing autoheader'
AUTOMAKE='${SHELL} /home/ubuntu/speech/sphinx-source/sphinxbase/missing automake-1.15'
AWK='gawk'
BUILD_DOXYGEN_FALSE=''
BUILD_DOXYGEN_TRUE='#'
BUILD_SWIG_FALSE='#'
BUILD_SWIG_TRUE=''
CC='gcc'
CCDEPMODE='depmode=gcc3'
CFLAGS='-g -O2 -Wall'
CPP='gcc -E'
CPPFLAGS=''
CYGPATH_W='echo'
DEFS='-DHAVE_CONFIG_H'
DEPDIR='.deps'
DLLTOOL='false'
DSYMUTIL=''
DUMPBIN=''
ECHO_C=''
ECHO_N='-n'
ECHO_T=''
EGREP='/bin/grep -E'
EXEEXT=''
FGREP='/bin/grep -F'
FIXED_POINT_FALSE=''
FIXED_POINT_TRUE='#'
GREP='/bin/grep'
HAVE_DOXYGEN='no'
INSTALL_DATA='${INSTALL} -m 644'
INSTALL_PROGRAM='${INSTALL}'
INSTALL_SCRIPT='${INSTALL}'
INSTALL_STRIP_PROGRAM='$(install_sh) -c -s'
LAPACK_LITE_FALSE='#'
LAPACK_LITE_TRUE=''
LD='/usr/bin/ld -m elf_x86_64'
LDFLAGS=''
LIBOBJS=''
LIBS='-lpulse -lpulse-simple -lpthread -lm '
LIBTOOL='$(SHELL) $(top_builddir)/libtool'
LIPO=''
LN_S='ln -s'
LTLIBOBJS=''
LT_SYS_LIBRARY_PATH=''
MAKEINFO='${SHELL} /home/ubuntu/speech/sphinx-source/sphinxbase/missing makeinfo'
MANIFEST_TOOL=':'
MKDIR_P='/bin/mkdir -p'
NM='/usr/bin/nm -B'
NMEDIT=''
OBJDUMP='objdump'
OBJEXT='o'
OTOOL64=''
OTOOL=''
PACKAGE='sphinxbase'
PACKAGE_BUGREPORT=''
PACKAGE_NAME='sphinxbase'
PACKAGE_STRING='sphinxbase 5prealpha'
PACKAGE_TARNAME='sphinxbase'
PACKAGE_URL=''
PACKAGE_VERSION='5prealpha'
PATH_SEPARATOR=':'
PYTHON='/usr/bin/python'
PYTHON_CPPFLAGS='-I/usr/include/python2.7'
PYTHON_EXEC_PREFIX='${exec_prefix}'
PYTHON_EXTRA_LDFLAGS='-Xlinker -export-dynamic -Wl,-O1 -Wl,-Bsymbolic-functions'
PYTHON_EXTRA_LIBS='-lpthread -ldl  -lutil -lm'
PYTHON_LDFLAGS='-L/usr/lib -lpython2.7'
PYTHON_PLATFORM='linux2'
PYTHON_PREFIX='${prefix}'
PYTHON_SITE_PKG='/usr/lib/python2.7/dist-packages'
PYTHON_VERSION='2.7'
RANLIB='ranlib'
SED='/bin/sed'
SET_MAKE=''
SHELL='/bin/bash'
STRIP='strip'
SWIG='/usr/bin/swig'
SWIG_LIB='/usr/share/swig3.0'
USE_LAPACK_FALSE='#'
USE_LAPACK_TRUE=''
USE_THREADS_FALSE='#'
USE_THREADS_TRUE=''
VERSION='5prealpha'
YACC='bison -y'
ac_ct_AR='ar'
ac_ct_CC='gcc'
ac_ct_DUMPBIN=''
ad_cppflags=''
ad_files='ad_pulse.lo'
ad_libs=''
am__EXEEXT_FALSE=''
am__EXEEXT_TRUE='#'
am__fastdepCC_FALSE='#'
am__fastdepCC_TRUE=''
am__include='include'
am__isrc=''
am__leading_dot='.'
am__nodep='_no'
am__quote=''
am__tar='$${TAR-tar} chof - "$$tardir"'
am__untar='$${TAR-tar} xf -'
bindir='${exec_prefix}/bin'
build='x86_64-pc-linux-gnu'
build_alias=''
build_cpu='x86_64'
build_os='linux-gnu'
build_vendor='pc'
datadir='${datarootdir}'
datarootdir='${prefix}/share'
docdir='${datarootdir}/doc/${PACKAGE_TARNAME}'
dvidir='${docdir}'
exec_prefix='${prefix}'
host='x86_64-pc-linux-gnu'
host_alias=''
host_cpu='x86_64'
host_os='linux-gnu'
host_vendor='pc'
htmldir='${docdir}'
includedir='${prefix}/include'
infodir='${datarootdir}/info'
install_sh='${SHELL} /home/ubuntu/speech/sphinx-source/sphinxbase/install-sh'
libdir='${exec_prefix}/lib'
libexecdir='${exec_prefix}/libexec'
localedir='${datarootdir}/locale'
localstatedir='${prefix}/var'
mandir='${datarootdir}/man'
mkdir_p='$(MKDIR_P)'
oldincludedir='/usr/include'
pdfdir='${docdir}'
pkgpyexecdir='${pyexecdir}/sphinxbase'
pkgpythondir='${pythondir}/sphinxbase'
prefix='/usr/local'
program_transform_name='s,x,x,'
psdir='${docdir}'
pyexecdir='${exec_prefix}/lib/python2.7/dist-packages'
pythondir='${prefix}/lib/python2.7/dist-packages'
runstatedir='${localstatedir}/run'
sbindir='${exec_prefix}/sbin'
sharedstatedir='${prefix}/com'
sysconfdir='${prefix}/etc'
target_alias=''

## ----------- ##
## confdefs.h. ##
## ----------- ##

/* confdefs.h */
#define PACKAGE_NAME "sphinxbase"
#define PACKAGE_TARNAME "sphinxbase"
#define PACKAGE_VERSION "5prealpha"
#define PACKAGE_STRING "sphinxbase 5prealpha"
#define PACKAGE_BUGREPORT ""
#define PACKAGE_URL ""
#define STDC_HEADERS 1
#define HAVE_SYS_TYPES_H 1
#define HAVE_SYS_STAT_H 1
#define HAVE_STDLIB_H 1
#define HAVE_STRING_H 1
#define HAVE_MEMORY_H 1
#define HAVE_STRINGS_H 1
#define HAVE_INTTYPES_H 1
#define HAVE_STDINT_H 1
#define HAVE_UNISTD_H 1
#define HAVE_DLFCN_H 1
#define LT_OBJDIR ".libs/"
#define STDC_HEADERS 1
#define RETSIGTYPE void
#define HAVE_LONG_LONG 1
#define SIZEOF_LONG_LONG 8
#define SIZEOF_LONG 8
#define HAVE_POPEN 1
#define HAVE_PERROR 1
#define HAVE_SNPRINTF 1
#define WITH_LAPACK /**/
#define HAVE_LIBM 1
#define HAVE_PTHREAD_H 1
#define HAVE_LIBPTHREAD 1
#define ENABLE_THREADS /**/
#define HAVE_LIBPULSE_SIMPLE 1
#define HAVE_LIBPULSE 1
#define HAVE_PYTHON "2.7"

configure: exit 0
