2019-04-20 22:06:58,293 INFO o.j.r.PluginManagerCMD: Command is: install-for-jmx
2019-04-20 22:06:59,008 INFO o.j.r.JARSourceHTTP: Found cached repo
2019-04-20 22:06:59,385 INFO o.j.r.PluginManager: Plugins Status: [jpgc-functions=2.1, jpgc-casutg=2.6, jpgc-dummy=0.2, jpgc-ffw=2.0, jpgc-fifo=0.2, jpgc-json=2.7, jpgc-prmctl=0.4, jpgc-perfmon=2.1, jpgc-plugins-manager=1.3, jpgc-tst=2.5, jmeter-core=5.0, jmeter-ftp=5.0, jmeter-http=5.0, jmeter-jdbc=5.0, jmeter-jms=5.0, jmeter-junit=5.0, jmeter-java=5.0, jmeter-ldap=5.0, jmeter-mail=5.0, jmeter-mongodb=5.0, jmeter-native=5.0, jmeter-tcp=5.0, jmeter-components=5.0]
2019-04-20 22:06:59,434 INFO o.j.r.PluginManagerCMD: Params line is: C:\Users\jmcch\Documents\csc4006Gitlab\csc4006-EdgeBenchmarking\Experiments\DeFog\assets\ipokemon-assets\modified_iPokemon.jmx
2019-04-20 22:07:00,300 INFO o.a.j.s.SaveService: Testplan (JMX) version: 2.2. Testlog (JTL) version: 2.2
2019-04-20 22:07:00,394 INFO o.a.j.s.SaveService: Using SaveService properties version 5.0
2019-04-20 22:07:00,399 INFO o.a.j.s.SaveService: Using SaveService properties file encoding UTF-8
2019-04-20 22:07:01,590 INFO o.a.j.p.h.s.HTTPSamplerBase: Parser for text/html is org.apache.jmeter.protocol.http.parser.LagartoBasedHtmlParser
2019-04-20 22:07:01,590 INFO o.a.j.p.h.s.HTTPSamplerBase: Parser for application/xhtml+xml is org.apache.jmeter.protocol.http.parser.LagartoBasedHtmlParser
2019-04-20 22:07:01,591 INFO o.a.j.p.h.s.HTTPSamplerBase: Parser for application/xml is org.apache.jmeter.protocol.http.parser.LagartoBasedHtmlParser
2019-04-20 22:07:01,591 INFO o.a.j.p.h.s.HTTPSamplerBase: Parser for text/xml is org.apache.jmeter.protocol.http.parser.LagartoBasedHtmlParser
2019-04-20 22:07:01,591 INFO o.a.j.p.h.s.HTTPSamplerBase: Parser for text/vnd.wap.wml is org.apache.jmeter.protocol.http.parser.RegexpHTMLParser
2019-04-20 22:07:01,591 INFO o.a.j.p.h.s.HTTPSamplerBase: Parser for text/css is org.apache.jmeter.protocol.http.parser.CssParser
2019-04-20 22:07:01,623 WARN o.a.j.u.JMeterUtils: ERROR! Resource string not found: [test_action_target]
2019-04-20 22:07:01,623 WARN o.a.j.u.JMeterUtils: ERROR! Resource string not found: [test_action_target_thread]
2019-04-20 22:07:01,624 WARN o.a.j.u.JMeterUtils: ERROR! Resource string not found: [test_action_target_test]
2019-04-20 22:07:01,624 WARN o.a.j.u.JMeterUtils: ERROR! Resource string not found: [test_action_action_thread]
2019-04-20 22:07:01,624 WARN o.a.j.u.JMeterUtils: ERROR! Resource string not found: [test_action_action_test_thread]
2019-04-20 22:07:01,624 WARN o.a.j.u.JMeterUtils: ERROR! Resource string not found: [test_action_pause]
2019-04-20 22:07:01,624 WARN o.a.j.u.JMeterUtils: ERROR! Resource string not found: [test_action_stop]
2019-04-20 22:07:01,625 WARN o.a.j.u.JMeterUtils: ERROR! Resource string not found: [test_action_stop_now]
2019-04-20 22:07:01,625 WARN o.a.j.u.JMeterUtils: ERROR! Resource string not found: [test_action_restart_next_loop]
2019-04-20 22:07:01,625 WARN o.a.j.u.JMeterUtils: ERROR! Resource string not found: [test_action_continue_current_loop]
2019-04-20 22:07:01,625 WARN o.a.j.u.JMeterUtils: ERROR! Resource string not found: [test_action_break_current_loop]
2019-04-20 22:07:01,625 WARN o.a.j.u.JMeterUtils: ERROR! Resource string not found: [test_action_duration]
2019-04-20 22:07:01,654 WARN o.a.j.u.JMeterUtils: ERROR! Resource string not found: [aggregate_report_total_label]
2019-04-20 22:07:01,679 INFO o.j.r.PluginManager: Finishing without changes
